
> my-v0-project@0.1.0 build /Users/bobbyfetting/Projects/hb-report/hb-report-demo
> next build

  ▲ Next.js 14.2.30
  - Environments: .env

   Creating an optimized production build ...
 ✓ Compiled successfully
   Skipping validation of types
   Skipping linting
   Collecting page data ...
   Generating static pages (0/25) ...
   Generating static pages (6/25) 
   Generating static pages (12/25) 
   Generating static pages (18/25) 
 ✓ Generating static pages (25/25)
   Finalizing page optimization ...
   Collecting build traces ...

Route (app)                                      Size     First Load JS
┌ ○ /                                            539 B          87.9 kB
├ ○ /_not-found                                  883 B          88.3 kB
├ ○ /dashboard                                   73.1 kB         435 kB
├ ○ /dashboard/constraints-log                   49.5 kB         227 kB
├ ○ /dashboard/contract-documents                14.3 kB         170 kB
├ ○ /dashboard/field-reports                     60.4 kB         220 kB
├ ○ /dashboard/financial-hub                     104 kB          434 kB
├ ○ /dashboard/permit-log                        50.1 kB         351 kB
├ ○ /dashboard/procurement                       25.1 kB         199 kB
├ ○ /dashboard/reports                           22.1 kB         210 kB
├ ○ /dashboard/scheduler                         37.2 kB         322 kB
├ ○ /dashboard/staff-planning                    12.5 kB         249 kB
├ ○ /dashboard/staff-planning/executive          4.07 kB         195 kB
├ ○ /dashboard/staff-planning/project-executive  2.73 kB         187 kB
├ ○ /dashboard/staff-planning/project-manager    3.47 kB         191 kB
├ ○ /dashboard/trade-partners                    18.1 kB         178 kB
├ ○ /login                                       13.8 kB         128 kB
├ ○ /operations                                  183 B           156 kB
├ ○ /pre-con                                     20.5 kB         318 kB
├ ○ /projects                                    5.07 kB         168 kB
├ ƒ /projects/[projectId]/estimate               51.1 kB         341 kB
├ ○ /responsibility-matrix                       14.4 kB         177 kB
├ ○ /tools                                       3.02 kB         167 kB
└ ○ /tools/productivity                          9.96 kB         182 kB
+ First Load JS shared by all                    87.4 kB
  ├ chunks/2117-3b3069fdbdbb5f37.js              31.7 kB
  ├ chunks/fd9d1056-90fde8e955cebbba.js          53.7 kB
  └ other shared chunks (total)                  1.97 kB


○  (Static)   prerendered as static content
ƒ  (Dynamic)  server-rendered on demand

